[   855.971] 
X.Org X Server 1.21.1.21
X Protocol Version 11, Revision 0
[   855.972] Current Operating System: Linux rogue-one 6.18.9-arch1-2 #1 SMP PREEMPT_DYNAMIC Mon, 09 Feb 2026 17:16:33 +0000 x86_64
[   855.972] Kernel command line: root=PARTUUID=58c7356a-34d7-4120-9054-c0e89033d5bc zswap.enabled=0 rw rootfstype=btrfs
[   855.972]  
[   855.973] Current version of pixman: 0.46.4
[   855.973] 	Before reporting problems, check http://wiki.x.org
	to make sure that you have the latest version.
[   855.973] Markers: (--) probed, (**) from config file, (==) default setting,
	(++) from command line, (!!) notice, (II) informational,
	(WW) warning, (EE) error, (NI) not implemented, (??) unknown.
[   855.974] (==) Log file: "/home/shijoe/.local/share/xorg/Xorg.0.log", Time: Sun Feb 22 23:19:47 2026
[   855.975] (==) Using config directory: "/etc/X11/xorg.conf.d"
[   855.975] (==) Using system config directory "/usr/share/X11/xorg.conf.d"
[   855.975] (==) No Layout section.  Using the first Screen section.
[   855.975] (==) No screen section available. Using defaults.
[   855.975] (**) |-->Screen "Default Screen Section" (0)
[   855.975] (**) |   |-->Monitor "<default monitor>"
[   855.975] (==) No monitor specified for screen "Default Screen Section".
	Using a default monitor configuration.
[   855.975] (**) Allowing byte-swapped clients
[   855.975] (==) Automatically adding devices
[   855.975] (==) Automatically enabling devices
[   855.975] (==) Automatically adding GPU devices
[   855.975] (==) Automatically binding GPU devices
[   855.975] (==) Max clients allowed: 256, resource mask: 0x1fffff
[   855.975] (WW) The directory "/usr/share/fonts/misc" does not exist.
[   855.975] 	Entry deleted from font path.
[   855.975] (WW) The directory "/usr/share/fonts/TTF" does not exist.
[   855.975] 	Entry deleted from font path.
[   855.975] (WW) The directory "/usr/share/fonts/OTF" does not exist.
[   855.975] 	Entry deleted from font path.
[   855.975] (WW) The directory "/usr/share/fonts/Type1" does not exist.
[   855.975] 	Entry deleted from font path.
[   855.975] (WW) The directory "/usr/share/fonts/100dpi" does not exist.
[   855.975] 	Entry deleted from font path.
[   855.975] (WW) The directory "/usr/share/fonts/75dpi" does not exist.
[   855.975] 	Entry deleted from font path.
[   855.975] (==) FontPath set to:
	
[   855.975] (==) ModulePath set to "/usr/lib/xorg/modules"
[   855.975] (II) The server relies on udev to provide the list of input devices.
	If no devices become available, reconfigure udev or disable AutoAddDevices.
[   855.975] (II) Module ABI versions:
[   855.975] 	X.Org ANSI C Emulation: 0.4
[   855.975] 	X.Org Video Driver: 25.2
[   855.975] 	X.Org XInput driver : 24.4
[   855.975] 	X.Org Server Extension : 10.0
[   855.976] (++) using VT number 1

[   855.977] (II) systemd-logind: took control of session /org/freedesktop/login1/session/_31
[   855.977] (II) xfree86: Adding drm device (/dev/dri/card0)
[   855.977] (II) Platform probe for /sys/devices/pci0000:00/0000:00:01.0/0000:01:00.0/drm/card0
[   855.978] (II) systemd-logind: got fd for /dev/dri/card0 226:0 fd 13 paused 0
[   855.978] (II) xfree86: Adding drm device (/dev/dri/card1)
[   855.978] (II) Platform probe for /sys/devices/pci0000:00/0000:00:02.0/drm/card1
[   855.979] (II) systemd-logind: got fd for /dev/dri/card1 226:1 fd 14 paused 0
[   855.979] (**) OutputClass "nvidia" ModulePath extended to "/usr/lib/nvidia/xorg,/usr/lib/xorg/modules,/usr/lib/xorg/modules"
[   857.875] (--) PCI:*(0@0:2:0) 8086:a78b:1028:0bf8 rev 4, Mem @ 0x6202000000/16777216, 0x4000000000/268435456, I/O @ 0x00005000/64, BIOS @ 0x????????/131072
[   857.875] (--) PCI: (1@0:0:0) 10de:25ec:1028:0bf8 rev 161, Mem @ 0x71000000/16777216, 0x6000000000/8589934592, 0x6200000000/33554432, I/O @ 0x00004000/128, BIOS @ 0x????????/524288
[   857.875] (II) LoadModule: "glx"
[   857.875] (II) Loading /usr/lib/xorg/modules/extensions/libglx.so
[   857.875] (II) Module glx: vendor="X.Org Foundation"
[   857.875] 	compiled for 1.21.1.21, module version = 1.0.0
[   857.875] 	ABI class: X.Org Server Extension, version 10.0
[   857.875] (II) Applying OutputClass "nvidia" to /dev/dri/card0
[   857.875] 	loading driver: nvidia
[   857.875] (==) Matched intel as autoconfigured driver 0
[   857.875] (==) Matched nvidia as autoconfigured driver 1
[   857.875] (==) Matched nouveau as autoconfigured driver 2
[   857.875] (==) Matched nv as autoconfigured driver 3
[   857.875] (==) Matched modesetting as autoconfigured driver 4
[   857.875] (==) Matched fbdev as autoconfigured driver 5
[   857.875] (==) Matched vesa as autoconfigured driver 6
[   857.875] (==) Assigned the driver to the xf86ConfigLayout
[   857.875] (II) LoadModule: "intel"
[   857.876] (WW) Warning, couldn't open module intel
[   857.876] (EE) Failed to load module "intel" (module does not exist, 0)
[   857.876] (II) LoadModule: "nvidia"
[   857.876] (II) Loading /usr/lib/xorg/modules/drivers/nvidia_drv.so
[   857.876] (II) Module nvidia: vendor="NVIDIA Corporation"
[   857.876] 	compiled for 1.16.99.901, module version = 1.0.0
[   857.876] 	Module class: X.Org Video Driver
[   857.876] (II) LoadModule: "nouveau"
[   857.876] (WW) Warning, couldn't open module nouveau
[   857.876] (EE) Failed to load module "nouveau" (module does not exist, 0)
[   857.876] (II) LoadModule: "nv"
[   857.876] (WW) Warning, couldn't open module nv
[   857.876] (EE) Failed to load module "nv" (module does not exist, 0)
[   857.876] (II) LoadModule: "modesetting"
[   857.876] (II) Loading /usr/lib/xorg/modules/drivers/modesetting_drv.so
[   857.876] (II) Module modesetting: vendor="X.Org Foundation"
[   857.876] 	compiled for 1.21.1.21, module version = 1.21.1
[   857.876] 	Module class: X.Org Video Driver
[   857.876] 	ABI class: X.Org Video Driver, version 25.2
[   857.876] (II) LoadModule: "fbdev"
[   857.876] (WW) Warning, couldn't open module fbdev
[   857.876] (EE) Failed to load module "fbdev" (module does not exist, 0)
[   857.876] (II) LoadModule: "vesa"
[   857.876] (WW) Warning, couldn't open module vesa
[   857.876] (EE) Failed to load module "vesa" (module does not exist, 0)
[   857.876] (II) NVIDIA dlloader X Driver  590.48.01  Mon Dec  8 12:52:06 UTC 2025
[   857.876] (II) NVIDIA Unified Driver for all Supported NVIDIA GPUs
[   857.876] (II) modesetting: Driver for Modesetting Kernel Drivers: kms
[   857.876] (II) modeset(0): using drv /dev/dri/card1
[   857.876] (II) systemd-logind: releasing fd for 226:0
[   857.877] (II) Loading sub module "fb"
[   857.877] (II) LoadModule: "fb"
[   857.877] (II) Module "fb" already built-in
[   857.877] (II) Loading sub module "wfb"
[   857.877] (II) LoadModule: "wfb"
[   857.877] (II) Loading /usr/lib/xorg/modules/libwfb.so
[   857.877] (II) Module wfb: vendor="X.Org Foundation"
[   857.877] 	compiled for 1.21.1.21, module version = 1.0.0
[   857.877] 	ABI class: X.Org ANSI C Emulation, version 0.4
[   857.877] (WW) VGA arbiter: cannot open kernel arbiter, no multi-card support
[   857.877] (II) modeset(0): Creating default Display subsection in Screen section
	"Default Screen Section" for depth/fbbpp 24/32
[   857.877] (==) modeset(0): Depth 24, (==) framebuffer bpp 32
[   857.877] (==) modeset(0): RGB weight 888
[   857.877] (==) modeset(0): Default visual is TrueColor
[   857.877] (II) Loading sub module "glamoregl"
[   857.877] (II) LoadModule: "glamoregl"
[   857.877] (II) Loading /usr/lib/xorg/modules/libglamoregl.so
[   857.878] (II) Module glamoregl: vendor="X.Org Foundation"
[   857.878] 	compiled for 1.21.1.21, module version = 1.0.1
[   857.878] 	ABI class: X.Org ANSI C Emulation, version 0.4
[   857.899] (II) modeset(0): glamor: Using OpenGL 4.6 context.
[   857.899] (II) modeset(0): glamor X acceleration enabled on Mesa Intel(R) Graphics (RPL-S)
[   857.899] (II) modeset(0): glamor initialized
[   857.899] (==) modeset(0): VariableRefresh: disabled
[   857.899] (==) modeset(0): AsyncFlipSecondaries: disabled
[   857.900] (II) modeset(0): Output eDP-1 has no monitor section
[   857.904] (II) modeset(0): Output DP-1 has no monitor section
[   857.905] (II) modeset(0): EDID for output eDP-1
[   857.905] (II) modeset(0): Manufacturer: NCP  Model: 5f  Serial#: 0
[   857.905] (II) modeset(0): Year: 2021  Week: 55
[   857.905] (II) modeset(0): EDID Version: 1.4
[   857.905] (II) modeset(0): Digital Display Input
[   857.905] (II) modeset(0): 8 bits per channel
[   857.905] (II) modeset(0): Digital interface is DisplayPort
[   857.905] (II) modeset(0): Max Image Size [cm]: horiz.: 34  vert.: 19
[   857.905] (II) modeset(0): Gamma: 2.20
[   857.905] (II) modeset(0): No DPMS capabilities specified
[   857.905] (II) modeset(0): Supported color encodings: RGB 4:4:4 
[   857.905] (II) modeset(0): First detailed timing is preferred mode
[   857.905] (II) modeset(0): Preferred mode is native pixel format and refresh rate
[   857.905] (II) modeset(0): Display is continuous-frequency
[   857.905] (II) modeset(0): redX: 0.595 redY: 0.361   greenX: 0.346 greenY: 0.555
[   857.905] (II) modeset(0): blueX: 0.157 blueY: 0.106   whiteX: 0.312 whiteY: 0.328
[   857.905] (II) modeset(0): Manufacturer's mask: 0
[   857.905] (II) modeset(0): Supported detailed timing:
[   857.905] (II) modeset(0): clock: 335.5 MHz   Image Size:  344 x 194 mm
[   857.905] (II) modeset(0): h_active: 1920  h_sync: 1968  h_sync_end 2000 h_blank_end 2180 h_border: 0
[   857.905] (II) modeset(0): v_active: 1080  v_sync: 1083  v_sync_end 1088 v_blanking: 1282 v_border: 0
[   857.905] (II) modeset(0): Ranges: V min: 48 V max: 120 Hz, H min: 154 H max: 154 kHz, PixClock max 345 MHz
[   857.905] (II) modeset(0):  TK0DHNE156FH
[   857.905] (II) modeset(0): Unknown vendor-specific block 0
[   857.905] (II) modeset(0): Number of EDID sections to follow: 1
[   857.905] (II) modeset(0): EDID (in hex):
[   857.905] (II) modeset(0): 	00ffffffffffff0038705f0000000000
[   857.905] (II) modeset(0): 	371f0104a5221378036850985c588e28
[   857.905] (II) modeset(0): 	1b505400000001010101010101010101
[   857.905] (II) modeset(0): 	0101010101010b8380047138ca403020
[   857.905] (II) modeset(0): 	350058c21000001a000000fd0030789a
[   857.905] (II) modeset(0): 	9a22010a202020202020000000fe0054
[   857.905] (II) modeset(0): 	4b304448804e45313536464800000000
[   857.905] (II) modeset(0): 	0001412196001000000a010a2020017d
[   857.905] (II) modeset(0): 	7013790000030114814100047f070301
[   857.905] (II) modeset(0): 	2f001f003704c9000200040000000000
[   857.905] (II) modeset(0): 	00000000000000000000000000000000
[   857.905] (II) modeset(0): 	00000000000000000000000000000000
[   857.905] (II) modeset(0): 	00000000000000000000000000000000
[   857.905] (II) modeset(0): 	00000000000000000000000000000000
[   857.905] (II) modeset(0): 	00000000000000000000000000000000
[   857.905] (II) modeset(0): 	0000000000000000000000000000b490
[   857.905] (II) modeset(0): Not using default mode "1920x1080" (bad mode clock/interlace/doublescan)
[   857.905] (II) modeset(0): Printing probed modes for output eDP-1
[   857.905] (II) modeset(0): Modeline "1920x1080"x120.0  335.47  1920 1968 2000 2180  1080 1083 1088 1282 +hsync -vsync (153.9 kHz eP)
[   857.905] (II) modeset(0): Modeline "1920x1080"x60.0  266.50  1920 1944 1960 2000  1080 1081 1084 1111 doublescan +hsync -vsync (133.2 kHz d)
[   857.905] (II) modeset(0): Modeline "1920x1080"x60.0  173.00  1920 2048 2248 2576  1080 1083 1088 1120 -hsync +vsync (67.2 kHz d)
[   857.905] (II) modeset(0): Modeline "1920x1080"x60.0  167.70  1920 1968 2000 2180  1080 1083 1088 1282 -hsync -vsync (76.9 kHz e)
[   857.905] (II) modeset(0): Modeline "1920x1080"x59.9  138.50  1920 1968 2000 2080  1080 1083 1088 1111 +hsync -vsync (66.6 kHz d)
[   857.905] (II) modeset(0): Modeline "1680x1050"x60.0  146.25  1680 1784 1960 2240  1050 1053 1059 1089 -hsync +vsync (65.3 kHz d)
[   857.905] (II) modeset(0): Modeline "1680x1050"x59.9  119.00  1680 1728 1760 1840  1050 1053 1059 1080 +hsync -vsync (64.7 kHz d)
[   857.905] (II) modeset(0): Modeline "1400x1050"x74.8  155.80  1400 1464 1784 1912  1050 1052 1064 1090 +hsync +vsync (81.5 kHz d)
[   857.905] (II) modeset(0): Modeline "1400x1050"x60.0  122.00  1400 1488 1640 1880  1050 1052 1064 1082 +hsync +vsync (64.9 kHz d)
[   857.905] (II) modeset(0): Modeline "1600x900"x60.0  246.00  1600 1728 1900 2200  900 901 904 932 doublescan -hsync +vsync (111.8 kHz d)
[   857.905] (II) modeset(0): Modeline "1600x900"x59.9  186.50  1600 1624 1640 1680  900 901 904 926 doublescan +hsync -vsync (111.0 kHz d)
[   857.905] (II) modeset(0): Modeline "1600x900"x59.9  118.25  1600 1696 1856 2112  900 903 908 934 -hsync +vsync (56.0 kHz d)
[   857.905] (II) modeset(0): Modeline "1600x900"x59.8   97.50  1600 1648 1680 1760  900 903 908 926 +hsync -vsync (55.4 kHz d)
[   857.905] (II) modeset(0): Modeline "1280x1024"x85.0  157.50  1280 1344 1504 1728  1024 1025 1028 1072 +hsync +vsync (91.1 kHz d)
[   857.905] (II) modeset(0): Modeline "1280x1024"x75.0  135.00  1280 1296 1440 1688  1024 1025 1028 1066 +hsync +vsync (80.0 kHz d)
[   857.905] (II) modeset(0): Modeline "1280x1024"x60.0  108.00  1280 1328 1440 1688  1024 1025 1028 1066 +hsync +vsync (64.0 kHz d)
[   857.905] (II) modeset(0): Modeline "1400x900"x60.0  103.50  1400 1480 1624 1848  900 903 913 934 -hsync +vsync (56.0 kHz d)
[   857.905] (II) modeset(0): Modeline "1400x900"x59.9   86.50  1400 1448 1480 1560  900 903 913 926 +hsync -vsync (55.4 kHz d)
[   857.905] (II) modeset(0): Modeline "1280x960"x85.0  148.50  1280 1344 1504 1728  960 961 964 1011 +hsync +vsync (85.9 kHz d)
[   857.905] (II) modeset(0): Modeline "1280x960"x60.0  108.00  1280 1376 1488 1800  960 961 964 1000 +hsync +vsync (60.0 kHz d)
[   857.905] (II) modeset(0): Modeline "1440x810"x60.0  198.12  1440 1548 1704 1968  810 811 814 839 doublescan -hsync +vsync (100.7 kHz d)
[   857.905] (II) modeset(0): Modeline "1440x810"x60.0  151.88  1440 1464 1480 1520  810 811 814 833 doublescan +hsync -vsync (99.9 kHz d)
[   857.905] (II) modeset(0): Modeline "1368x768"x59.9   85.25  1368 1440 1576 1784  768 771 781 798 -hsync +vsync (47.8 kHz d)
[   857.905] (II) modeset(0): Modeline "1368x768"x59.9   72.25  1368 1416 1448 1528  768 771 781 790 +hsync -vsync (47.3 kHz d)
[   857.905] (II) modeset(0): Modeline "1280x800"x60.0  174.25  1280 1380 1516 1752  800 801 804 829 doublescan -hsync +vsync (99.5 kHz d)
[   857.905] (II) modeset(0): Modeline "1280x800"x60.0  134.25  1280 1304 1320 1360  800 801 804 823 doublescan +hsync -vsync (98.7 kHz d)
[   857.905] (II) modeset(0): Modeline "1280x800"x59.8   83.50  1280 1352 1480 1680  800 803 809 831 -hsync +vsync (49.7 kHz d)
[   857.905] (II) modeset(0): Modeline "1280x800"x59.9   71.00  1280 1328 1360 1440  800 803 809 823 +hsync -vsync (49.3 kHz d)
[   857.905] (II) modeset(0): Modeline "1152x864"x75.0  108.00  1152 1216 1344 1600  864 865 868 900 +hsync +vsync (67.5 kHz d)
[   857.905] (II) modeset(0): Modeline "1280x720"x60.0  156.12  1280 1376 1512 1744  720 721 724 746 doublescan -hsync +vsync (89.5 kHz d)
[   857.905] (II) modeset(0): Modeline "1280x720"x60.0  120.75  1280 1304 1320 1360  720 721 724 740 doublescan +hsync -vsync (88.8 kHz d)
[   857.905] (II) modeset(0): Modeline "1280x720"x59.9   74.50  1280 1344 1472 1664  720 723 728 748 -hsync +vsync (44.8 kHz d)
[   857.905] (II) modeset(0): Modeline "1280x720"x59.7   63.75  1280 1328 1360 1440  720 723 728 741 +hsync -vsync (44.3 kHz d)
[   857.905] (II) modeset(0): Modeline "1024x768"x85.0  194.02  1024 1108 1220 1416  768 768 770 806 doublescan -hsync +vsync (137.0 kHz d)
[   857.905] (II) modeset(0): Modeline "1024x768"x75.0  170.24  1024 1108 1220 1416  768 768 770 801 doublescan -hsync +vsync (120.2 kHz d)
[   857.905] (II) modeset(0): Modeline "1024x768"x60.0  133.47  1024 1100 1212 1400  768 768 770 794 doublescan -hsync +vsync (95.3 kHz d)
[   857.905] (II) modeset(0): Modeline "1024x768"x85.0   94.50  1024 1072 1168 1376  768 769 772 808 +hsync +vsync (68.7 kHz d)
[   857.905] (II) modeset(0): Modeline "1024x768"x75.0   78.75  1024 1040 1136 1312  768 769 772 800 +hsync +vsync (60.0 kHz d)
[   857.905] (II) modeset(0): Modeline "1024x768"x70.1   75.00  1024 1048 1184 1328  768 771 777 806 -hsync -vsync (56.5 kHz d)
[   857.905] (II) modeset(0): Modeline "1024x768"x60.0   65.00  1024 1048 1184 1344  768 771 777 806 -hsync -vsync (48.4 kHz d)
[   857.905] (II) modeset(0): Modeline "1024x768i"x87.0   44.90  1024 1032 1208 1264  768 768 776 817 interlace +hsync +vsync (35.5 kHz d)
[   857.905] (II) modeset(0): Modeline "960x720"x85.0  170.68  960 1036 1144 1328  720 720 722 756 doublescan -hsync +vsync (128.5 kHz d)
[   857.905] (II) modeset(0): Modeline "960x720"x75.0  148.50  960 1032 1144 1320  720 720 722 750 doublescan -hsync +vsync (112.5 kHz d)
[   857.905] (II) modeset(0): Modeline "960x720"x60.0  117.00  960 1024 1128 1300  720 720 722 750 doublescan -hsync +vsync (90.0 kHz d)
[   857.905] (II) modeset(0): Modeline "928x696"x75.0  144.00  928 992 1104 1280  696 696 698 750 doublescan -hsync +vsync (112.5 kHz d)
[   857.905] (II) modeset(0): Modeline "928x696"x60.1  109.15  928 976 1088 1264  696 696 698 719 doublescan -hsync +vsync (86.4 kHz d)
[   857.905] (II) modeset(0): Modeline "896x672"x75.0  130.50  896 944 1052 1228  672 672 674 708 doublescan -hsync +vsync (106.3 kHz d)
[   857.905] (II) modeset(0): Modeline "896x672"x60.0  102.40  896 960 1060 1224  672 672 674 697 doublescan -hsync +vsync (83.7 kHz d)
[   857.905] (II) modeset(0): Modeline "1024x576"x60.0   98.50  1024 1092 1200 1376  576 577 580 597 doublescan -hsync +vsync (71.6 kHz d)
[   857.905] (II) modeset(0): Modeline "1024x576"x60.0   78.38  1024 1048 1064 1104  576 577 580 592 doublescan +hsync -vsync (71.0 kHz d)
[   857.905] (II) modeset(0): Modeline "1024x576"x59.9   46.50  1024 1064 1160 1296  576 579 584 599 -hsync +vsync (35.9 kHz d)
[   857.905] (II) modeset(0): Modeline "1024x576"x59.8   42.00  1024 1072 1104 1184  576 579 584 593 +hsync -vsync (35.5 kHz d)
[   857.905] (II) modeset(0): Modeline "960x600"x59.9   96.62  960 1028 1128 1296  600 601 604 622 doublescan -hsync +vsync (74.6 kHz d)
[   857.905] (II) modeset(0): Modeline "960x600"x60.0   77.00  960 984 1000 1040  600 601 604 617 doublescan +hsync -vsync (74.0 kHz d)
[   857.905] (II) modeset(0): Modeline "832x624"x74.6   57.28  832 864 928 1152  624 625 628 667 -hsync -vsync (49.7 kHz d)
[   857.905] (II) modeset(0): Modeline "960x540"x60.0   86.50  960 1024 1124 1288  540 541 544 560 doublescan -hsync +vsync (67.2 kHz d)
[   857.905] (II) modeset(0): Modeline "960x540"x60.0   69.25  960 984 1000 1040  540 541 544 555 doublescan +hsync -vsync (66.6 kHz d)
[   857.905] (II) modeset(0): Modeline "960x540"x59.6   40.75  960 992 1088 1216  540 543 548 562 -hsync +vsync (33.5 kHz d)
[   857.905] (II) modeset(0): Modeline "960x540"x59.8   37.25  960 1008 1040 1120  540 543 548 556 +hsync -vsync (33.3 kHz d)
[   857.905] (II) modeset(0): Modeline "800x600"x85.0  114.75  800 832 928 1080  600 600 602 625 doublescan +hsync +vsync (106.2 kHz d)
[   857.905] (II) modeset(0): Modeline "800x600"x75.0  101.25  800 832 928 1080  600 600 602 625 doublescan +hsync +vsync (93.8 kHz d)
[   857.905] (II) modeset(0): Modeline "800x600"x70.0   94.50  800 832 928 1080  600 600 602 625 doublescan +hsync +vsync (87.5 kHz d)
[   857.905] (II) modeset(0): Modeline "800x600"x65.0   87.75  800 832 928 1080  600 600 602 625 doublescan +hsync +vsync (81.2 kHz d)
[   857.905] (II) modeset(0): Modeline "800x600"x60.0   81.00  800 832 928 1080  600 600 602 625 doublescan +hsync +vsync (75.0 kHz d)
[   857.905] (II) modeset(0): Modeline "800x600"x85.1   56.30  800 832 896 1048  600 601 604 631 +hsync +vsync (53.7 kHz d)
[   857.905] (II) modeset(0): Modeline "800x600"x72.2   50.00  800 856 976 1040  600 637 643 666 +hsync +vsync (48.1 kHz d)
[   857.905] (II) modeset(0): Modeline "800x600"x75.0   49.50  800 816 896 1056  600 601 604 625 +hsync +vsync (46.9 kHz d)
[   857.905] (II) modeset(0): Modeline "800x600"x60.3   40.00  800 840 968 1056  600 601 605 628 +hsync +vsync (37.9 kHz d)
[   857.905] (II) modeset(0): Modeline "800x600"x56.2   36.00  800 824 896 1024  600 601 603 625 +hsync +vsync (35.2 kHz d)
[   857.905] (II) modeset(0): Modeline "840x525"x60.0   73.12  840 892 980 1120  525 526 529 544 doublescan -hsync +vsync (65.3 kHz d)
[   857.905] (II) modeset(0): Modeline "840x525"x59.9   59.50  840 864 880 920  525 526 529 540 doublescan +hsync -vsync (64.7 kHz d)
[   857.905] (II) modeset(0): Modeline "864x486"x59.9   32.50  864 888 968 1072  486 489 494 506 -hsync +vsync (30.3 kHz d)
[   857.905] (II) modeset(0): Modeline "864x486"x59.6   30.50  864 912 944 1024  486 489 494 500 +hsync -vsync (29.8 kHz d)
[   857.905] (II) modeset(0): Modeline "700x525"x74.8   77.90  700 732 892 956  525 526 532 545 doublescan +hsync +vsync (81.5 kHz d)
[   857.905] (II) modeset(0): Modeline "700x525"x60.0   61.00  700 744 820 940  525 526 532 541 doublescan +hsync +vsync (64.9 kHz d)
[   857.905] (II) modeset(0): Modeline "800x450"x59.9   59.12  800 848 928 1056  450 451 454 467 doublescan -hsync +vsync (56.0 kHz d)
[   857.905] (II) modeset(0): Modeline "800x450"x59.8   48.75  800 824 840 880  450 451 454 463 doublescan +hsync -vsync (55.4 kHz d)
[   857.905] (II) modeset(0): Modeline "640x512"x85.0   78.75  640 672 752 864  512 512 514 536 doublescan +hsync +vsync (91.1 kHz d)
[   857.905] (II) modeset(0): Modeline "640x512"x75.0   67.50  640 648 720 844  512 512 514 533 doublescan +hsync +vsync (80.0 kHz d)
[   857.905] (II) modeset(0): Modeline "640x512"x60.0   54.00  640 664 720 844  512 512 514 533 doublescan +hsync +vsync (64.0 kHz d)
[   857.905] (II) modeset(0): Modeline "700x450"x60.0   51.75  700 740 812 924  450 451 456 467 doublescan -hsync +vsync (56.0 kHz d)
[   857.905] (II) modeset(0): Modeline "700x450"x59.9   43.25  700 724 740 780  450 451 456 463 doublescan +hsync -vsync (55.4 kHz d)
[   857.905] (II) modeset(0): Modeline "640x480"x85.1   74.25  640 672 752 864  480 480 482 505 doublescan +hsync +vsync (85.9 kHz d)
[   857.905] (II) modeset(0): Modeline "640x480"x60.0   54.00  640 688 744 900  480 480 482 500 doublescan +hsync +vsync (60.0 kHz d)
[   857.905] (II) modeset(0): Modeline "640x480"x85.0   36.00  640 696 752 832  480 481 484 509 -hsync -vsync (43.3 kHz d)
[   857.905] (II) modeset(0): Modeline "640x480"x72.8   31.50  640 664 704 832  480 489 492 520 -hsync -vsync (37.9 kHz d)
[   857.905] (II) modeset(0): Modeline "640x480"x75.0   31.50  640 656 720 840  480 481 484 500 -hsync -vsync (37.5 kHz d)
[   857.905] (II) modeset(0): Modeline "640x480"x59.9   25.18  640 656 752 800  480 490 492 525 -hsync -vsync (31.5 kHz d)
[   857.905] (II) modeset(0): Modeline "720x405"x59.5   22.50  720 744 808 896  405 408 413 422 -hsync +vsync (25.1 kHz d)
[   857.905] (II) modeset(0): Modeline "720x405"x59.0   21.75  720 768 800 880  405 408 413 419 +hsync -vsync (24.7 kHz d)
[   857.905] (II) modeset(0): Modeline "720x400"x85.0   35.50  720 756 828 936  400 401 404 446 -hsync +vsync (37.9 kHz d)
[   857.905] (II) modeset(0): Modeline "684x384"x59.9   42.62  684 720 788 892  384 385 390 399 doublescan -hsync +vsync (47.8 kHz d)
[   857.905] (II) modeset(0): Modeline "684x384"x59.9   36.12  684 708 724 764  384 385 390 395 doublescan +hsync -vsync (47.3 kHz d)
[   857.905] (II) modeset(0): Modeline "640x400"x59.9   41.75  640 676 740 840  400 401 404 415 doublescan -hsync +vsync (49.7 kHz d)
[   857.905] (II) modeset(0): Modeline "640x400"x60.0   35.50  640 664 680 720  400 401 404 411 doublescan +hsync -vsync (49.3 kHz d)
[   857.905] (II) modeset(0): Modeline "640x400"x85.1   31.50  640 672 736 832  400 401 404 445 -hsync +vsync (37.9 kHz d)
[   857.905] (II) modeset(0): Modeline "576x432"x75.0   54.00  576 608 672 800  432 432 434 450 doublescan +hsync +vsync (67.5 kHz d)
[   857.905] (II) modeset(0): Modeline "640x360"x59.9   37.25  640 672 736 832  360 361 364 374 doublescan -hsync +vsync (44.8 kHz d)
[   857.905] (II) modeset(0): Modeline "640x360"x59.8   31.88  640 664 680 720  360 361 364 370 doublescan +hsync -vsync (44.3 kHz d)
[   857.905] (II) modeset(0): Modeline "640x360"x59.8   18.00  640 664 720 800  360 363 368 376 -hsync +vsync (22.5 kHz d)
[   857.905] (II) modeset(0): Modeline "640x360"x59.3   17.75  640 688 720 800  360 363 368 374 +hsync -vsync (22.2 kHz d)
[   857.905] (II) modeset(0): Modeline "640x350"x85.1   31.50  640 672 736 832  350 382 385 445 +hsync -vsync (37.9 kHz d)
[   857.905] (II) modeset(0): Modeline "512x384"x85.0   47.25  512 536 584 688  384 384 386 404 doublescan +hsync +vsync (68.7 kHz d)
[   857.905] (II) modeset(0): Modeline "512x384"x75.0   39.38  512 520 568 656  384 384 386 400 doublescan +hsync +vsync (60.0 kHz d)
[   857.905] (II) modeset(0): Modeline "512x384"x70.1   37.50  512 524 592 664  384 385 388 403 doublescan -hsync -vsync (56.5 kHz d)
[   857.905] (II) modeset(0): Modeline "512x384"x60.0   32.50  512 524 592 672  384 385 388 403 doublescan -hsync -vsync (48.4 kHz d)
[   857.905] (II) modeset(0): Modeline "512x384i"x87.1   22.45  512 516 604 632  384 384 388 408 interlace doublescan +hsync +vsync (35.5 kHz d)
[   857.905] (II) modeset(0): Modeline "512x288"x60.0   23.25  512 532 580 648  288 289 292 299 doublescan -hsync +vsync (35.9 kHz d)
[   857.905] (II) modeset(0): Modeline "512x288"x59.9   21.00  512 536 552 592  288 289 292 296 doublescan +hsync -vsync (35.5 kHz d)
[   857.905] (II) modeset(0): Modeline "416x312"x74.7   28.64  416 432 464 576  312 312 314 333 doublescan -hsync -vsync (49.7 kHz d)
[   857.905] (II) modeset(0): Modeline "480x270"x59.6   20.38  480 496 544 608  270 271 274 281 doublescan -hsync +vsync (33.5 kHz d)
[   857.905] (II) modeset(0): Modeline "480x270"x59.8   18.62  480 504 520 560  270 271 274 278 doublescan +hsync -vsync (33.3 kHz d)
[   857.905] (II) modeset(0): Modeline "400x300"x85.3   28.15  400 416 448 524  300 300 302 315 doublescan +hsync +vsync (53.7 kHz d)
[   857.906] (II) modeset(0): Modeline "400x300"x72.2   25.00  400 428 488 520  300 318 321 333 doublescan +hsync +vsync (48.1 kHz d)
[   857.906] (II) modeset(0): Modeline "400x300"x75.1   24.75  400 408 448 528  300 300 302 312 doublescan +hsync +vsync (46.9 kHz d)
[   857.906] (II) modeset(0): Modeline "400x300"x60.3   20.00  400 420 484 528  300 300 302 314 doublescan +hsync +vsync (37.9 kHz d)
[   857.906] (II) modeset(0): Modeline "400x300"x56.3   18.00  400 412 448 512  300 300 301 312 doublescan +hsync +vsync (35.2 kHz d)
[   857.906] (II) modeset(0): Modeline "432x243"x59.9   16.25  432 444 484 536  243 244 247 253 doublescan -hsync +vsync (30.3 kHz d)
[   857.906] (II) modeset(0): Modeline "432x243"x59.6   15.25  432 456 472 512  243 244 247 250 doublescan +hsync -vsync (29.8 kHz d)
[   857.906] (II) modeset(0): Modeline "320x240"x85.2   18.00  320 348 376 416  240 240 242 254 doublescan -hsync -vsync (43.3 kHz d)
[   857.906] (II) modeset(0): Modeline "320x240"x72.8   15.75  320 332 352 416  240 244 246 260 doublescan -hsync -vsync (37.9 kHz d)
[   857.906] (II) modeset(0): Modeline "320x240"x75.0   15.75  320 328 360 420  240 240 242 250 doublescan -hsync -vsync (37.5 kHz d)
[   857.906] (II) modeset(0): Modeline "320x240"x60.1   12.59  320 328 376 400  240 245 246 262 doublescan -hsync -vsync (31.5 kHz d)
[   857.906] (II) modeset(0): Modeline "360x202"x59.5   11.25  360 372 404 448  202 204 206 211 doublescan -hsync +vsync (25.1 kHz d)
[   857.906] (II) modeset(0): Modeline "360x202"x59.1   10.88  360 384 400 440  202 204 206 209 doublescan +hsync -vsync (24.7 kHz d)
[   857.906] (II) modeset(0): Modeline "360x200"x85.0   17.75  360 378 414 468  200 200 202 223 doublescan -hsync +vsync (37.9 kHz d)
[   857.906] (II) modeset(0): Modeline "320x200"x85.3   15.75  320 336 368 416  200 200 202 222 doublescan -hsync +vsync (37.9 kHz d)
[   857.906] (II) modeset(0): Modeline "320x180"x59.8    9.00  320 332 360 400  180 181 184 188 doublescan -hsync +vsync (22.5 kHz d)
[   857.906] (II) modeset(0): Modeline "320x180"x59.3    8.88  320 344 360 400  180 181 184 187 doublescan +hsync -vsync (22.2 kHz d)
[   857.906] (II) modeset(0): Modeline "320x175"x85.3   15.75  320 336 368 416  175 191 192 222 doublescan +hsync -vsync (37.9 kHz d)
[   857.910] (II) modeset(0): EDID for output DP-1
[   857.910] (II) modeset(0): Output eDP-1 connected
[   857.910] (II) modeset(0): Output DP-1 disconnected
[   857.910] (II) modeset(0): Using exact sizes for initial modes
[   857.910] (II) modeset(0): Output eDP-1 using initial mode 1920x1080 +0+0
[   857.910] (==) modeset(0): Using gamma correction (1.0, 1.0, 1.0)
[   857.910] (==) modeset(0): DPI set to (96, 96)
[   857.910] (II) Loading sub module "fb"
[   857.910] (II) LoadModule: "fb"
[   857.910] (II) Module "fb" already built-in
[   857.910] (==) NVIDIA(G0): Depth 24, (==) framebuffer bpp 32
[   857.910] (==) NVIDIA(G0): RGB weight 888
[   857.910] (==) NVIDIA(G0): Default visual is TrueColor
[   857.910] (==) NVIDIA(G0): Using gamma correction (1.0, 1.0, 1.0)
[   857.910] (II) Applying OutputClass "nvidia" options to /dev/dri/card0
[   857.910] (**) NVIDIA(G0): Option "AllowEmptyInitialConfiguration"
[   857.910] (**) NVIDIA(G0): Enabling 2D acceleration
[   857.910] (II) Loading sub module "glxserver_nvidia"
[   857.910] (II) LoadModule: "glxserver_nvidia"
[   857.910] (II) Loading /usr/lib/nvidia/xorg/libglxserver_nvidia.so
[   857.916] (II) Module glxserver_nvidia: vendor="NVIDIA Corporation"
[   857.916] 	compiled for 1.16.99.901, module version = 1.0.0
[   857.916] 	Module class: X.Org Server Extension
[   857.916] (II) NVIDIA GLX Module  590.48.01  Mon Dec  8 12:52:09 UTC 2025
[   857.916] (II) NVIDIA: The X server supports PRIME Render Offload.
[   857.918] (--) NVIDIA(0): Valid display device(s) on GPU-0 at PCI:1:0:0
[   857.918] (--) NVIDIA(0):     DFP-0
[   857.925] (II) NVIDIA(G0): NVIDIA GPU NVIDIA GeForce RTX 3050 6GB Laptop GPU (GA107-B) at
[   857.925] (II) NVIDIA(G0):     PCI:1:0:0 (GPU-0)
[   857.925] (--) NVIDIA(G0): Memory: 6291456 kBytes
[   857.925] (--) NVIDIA(G0): VideoBIOS: 94.07.82.40.2f
[   857.925] (II) NVIDIA(G0): Detected PCI Express Link width: 16X
[   857.929] (--) NVIDIA(GPU-0): DFP-0: disconnected
[   857.929] (--) NVIDIA(GPU-0): DFP-0: Internal TMDS
[   857.929] (--) NVIDIA(GPU-0): DFP-0: 165.0 MHz maximum pixel clock
[   857.929] (--) NVIDIA(GPU-0): 
[   857.931] (II) NVIDIA(G0): Validated MetaModes:
[   857.931] (II) NVIDIA(G0):     "NULL"
[   857.931] (II) NVIDIA(G0): Virtual screen size determined to be 640 x 480
[   857.931] (WW) NVIDIA(G0): Unable to get display device for DPI computation.
[   857.931] (==) NVIDIA(G0): DPI set to (75, 75); computed from built-in default
[   857.939] (==) modeset(0): Backing store enabled
[   857.939] (==) modeset(0): Silken mouse enabled
[   857.987] (II) modeset(0): Initializing kms color map for depth 24, 8 bpc.
[   857.988] (==) modeset(0): DPMS enabled
[   857.988] (II) modeset(0): [DRI2] Setup complete
[   857.988] (II) modeset(0): [DRI2]   DRI driver: iris
[   857.988] (II) modeset(0): [DRI2]   VDPAU driver: va_gl
[   857.988] (WW) NVIDIA: Failed to bind sideband socket to
[   857.988] (WW) NVIDIA:     '/var/run/nvidia-xdriver-099d6708' Permission denied
[   857.988] (II) NVIDIA: Reserving 24576.00 MB of virtual memory for indirect memory
[   857.988] (II) NVIDIA:     access.
[   857.998] (WW) NVIDIA(G0): ACPI: failed to determine the system's current power source
[   857.998] (II) NVIDIA(G0): ACPI: failed to connect to the ACPI event daemon; the daemon
[   857.998] (II) NVIDIA(G0):     may not be running or the "AcpidSocketPath" X
[   857.998] (II) NVIDIA(G0):     configuration option may not be set correctly.  When the
[   857.998] (II) NVIDIA(G0):     ACPI event daemon is available, the NVIDIA X driver will
[   857.998] (II) NVIDIA(G0):     try to use it to receive ACPI event notifications.  For
[   857.998] (II) NVIDIA(G0):     details, please see the "ConnectToAcpid" and
[   857.998] (II) NVIDIA(G0):     "AcpidSocketPath" X configuration options in Appendix B: X
[   857.998] (II) NVIDIA(G0):     Config Options in the README.
[   858.011] (II) NVIDIA(G0): Setting mode "NULL"
[   858.029] (==) NVIDIA(G0): Disabling shared memory pixmaps
[   858.029] (==) NVIDIA(G0): Backing store enabled
[   858.029] (==) NVIDIA(G0): Silken mouse enabled
[   858.029] (==) NVIDIA(G0): DPMS enabled
[   858.029] (II) Loading sub module "dri2"
[   858.029] (II) LoadModule: "dri2"
[   858.029] (II) Module "dri2" already built-in
[   858.029] (II) NVIDIA(G0): [DRI2] Setup complete
[   858.029] (II) NVIDIA(G0): [DRI2]   VDPAU driver: nvidia
[   858.029] (II) Initializing extension Generic Event Extension
[   858.029] (II) Initializing extension SHAPE
[   858.029] (II) Initializing extension MIT-SHM
[   858.029] (II) Initializing extension XInputExtension
[   858.029] (II) Initializing extension XTEST
[   858.029] (II) Initializing extension BIG-REQUESTS
[   858.029] (II) Initializing extension SYNC
[   858.029] (II) Initializing extension XKEYBOARD
[   858.029] (II) Initializing extension XC-MISC
[   858.029] (II) Initializing extension SECURITY
[   858.029] (II) Initializing extension XFIXES
[   858.029] (II) Initializing extension RENDER
[   858.029] (II) Initializing extension RANDR
[   858.029] (II) Initializing extension COMPOSITE
[   858.030] (II) Initializing extension DAMAGE
[   858.030] (II) Initializing extension MIT-SCREEN-SAVER
[   858.030] (II) Initializing extension DOUBLE-BUFFER
[   858.030] (II) Initializing extension RECORD
[   858.030] (II) Initializing extension DPMS
[   858.030] (II) Initializing extension Present
[   858.030] (II) Initializing extension DRI3
[   858.030] (II) Initializing extension X-Resource
[   858.030] (II) Initializing extension XVideo
[   858.030] (II) Initializing extension XVideo-MotionCompensation
[   858.030] (II) Initializing extension GLX
[   858.030] (II) Initializing extension GLX
[   858.030] (II) Indirect GLX disabled.
[   858.034] (II) AIGLX: Loaded and initialized iris
[   858.034] (II) GLX: Initialized DRI2 GL provider for screen 0
[   858.034] (II) Initializing extension XFree86-VidModeExtension
[   858.034] (II) Initializing extension XFree86-DGA
[   858.034] (II) Initializing extension XFree86-DRI
[   858.034] (II) Initializing extension DRI2
[   858.034] (II) Initializing extension NV-GLX
[   858.034] (II) Initializing extension NV-CONTROL
[   858.034] (II) modeset(0): Damage tracking initialized
[   858.034] (II) modeset(0): Setting screen physical size to 508 x 285
[   858.065] (II) config/udev: Adding input device Video Bus (/dev/input/event4)
[   858.065] (**) Video Bus: Applying InputClass "libinput keyboard catchall"
[   858.065] (**) Video Bus: Applying InputClass "system-keyboard"
[   858.065] (II) LoadModule: "libinput"
[   858.065] (II) Loading /usr/lib/xorg/modules/input/libinput_drv.so
[   858.066] (II) Module libinput: vendor="X.Org Foundation"
[   858.066] 	compiled for 1.21.1.13, module version = 1.5.0
[   858.066] 	Module class: X.Org XInput Driver
[   858.066] 	ABI class: X.Org XInput driver, version 24.4
[   858.066] (II) Using input driver 'libinput' for 'Video Bus'
[   858.066] (II) systemd-logind: got fd for /dev/input/event4 13:68 fd 39 paused 0
[   858.066] (**) Video Bus: always reports core events
[   858.066] (**) Option "Device" "/dev/input/event4"
[   858.067] (II) event4  - Video Bus: is tagged by udev as: Keyboard
[   858.067] (II) event4  - Video Bus: device is a keyboard
[   858.067] (II) event4  - Video Bus: device removed
[   858.067] (**) Option "config_info" "udev:/sys/devices/LNXSYSTM:00/LNXSYBUS:00/PNP0A08:00/LNXVIDEO:01/input/input5/event4"
[   858.067] (II) XINPUT: Adding extended input device "Video Bus" (type: KEYBOARD, id 6)
[   858.067] (**) Option "xkb_model" "pc105+inet"
[   858.067] (**) Option "xkb_layout" "us"
[   858.067] (**) Option "xkb_options" "terminate:ctrl_alt_bksp"
[   858.079] (II) event4  - Video Bus: is tagged by udev as: Keyboard
[   858.079] (II) event4  - Video Bus: device is a keyboard
[   858.080] (II) config/udev: Adding input device Video Bus (/dev/input/event3)
[   858.080] (**) Video Bus: Applying InputClass "libinput keyboard catchall"
[   858.080] (**) Video Bus: Applying InputClass "system-keyboard"
[   858.080] (II) Using input driver 'libinput' for 'Video Bus'
[   858.080] (II) systemd-logind: got fd for /dev/input/event3 13:67 fd 42 paused 0
[   858.080] (**) Video Bus: always reports core events
[   858.080] (**) Option "Device" "/dev/input/event3"
[   858.081] (II) event3  - Video Bus: is tagged by udev as: Keyboard
[   858.081] (II) event3  - Video Bus: device is a keyboard
[   858.081] (II) event3  - Video Bus: device removed
[   858.081] (**) Option "config_info" "udev:/sys/devices/LNXSYSTM:00/LNXSYBUS:00/PNP0A08:00/device:03/LNXVIDEO:00/input/input4/event3"
[   858.081] (II) XINPUT: Adding extended input device "Video Bus" (type: KEYBOARD, id 7)
[   858.081] (**) Option "xkb_model" "pc105+inet"
[   858.081] (**) Option "xkb_layout" "us"
[   858.081] (**) Option "xkb_options" "terminate:ctrl_alt_bksp"
[   858.081] (II) event3  - Video Bus: is tagged by udev as: Keyboard
[   858.081] (II) event3  - Video Bus: device is a keyboard
[   858.081] (II) config/udev: Adding input device Power Button (/dev/input/event1)
[   858.081] (**) Power Button: Applying InputClass "libinput keyboard catchall"
[   858.081] (**) Power Button: Applying InputClass "system-keyboard"
[   858.081] (II) Using input driver 'libinput' for 'Power Button'
[   858.082] (II) systemd-logind: got fd for /dev/input/event1 13:65 fd 43 paused 0
[   858.082] (**) Power Button: always reports core events
[   858.082] (**) Option "Device" "/dev/input/event1"
[   858.082] (II) event1  - Power Button: is tagged by udev as: Keyboard
[   858.082] (II) event1  - Power Button: device is a keyboard
[   858.082] (II) event1  - Power Button: device removed
[   858.082] (**) Option "config_info" "udev:/sys/devices/LNXSYSTM:00/LNXSYBUS:00/PNP0C0C:00/input/input1/event1"
[   858.082] (II) XINPUT: Adding extended input device "Power Button" (type: KEYBOARD, id 8)
[   858.082] (**) Option "xkb_model" "pc105+inet"
[   858.082] (**) Option "xkb_layout" "us"
[   858.082] (**) Option "xkb_options" "terminate:ctrl_alt_bksp"
[   858.083] (II) event1  - Power Button: is tagged by udev as: Keyboard
[   858.083] (II) event1  - Power Button: device is a keyboard
[   858.083] (II) config/udev: Adding input device Lid Switch (/dev/input/event0)
[   858.083] (II) No input driver specified, ignoring this device.
[   858.083] (II) This device may have been added with another device file.
[   858.083] (II) config/udev: Adding input device HDA NVidia HDMI/DP,pcm=3 (/dev/input/event21)
[   858.083] (II) No input driver specified, ignoring this device.
[   858.083] (II) This device may have been added with another device file.
[   858.083] (II) config/udev: Adding input device HDA NVidia HDMI/DP,pcm=7 (/dev/input/event22)
[   858.083] (II) No input driver specified, ignoring this device.
[   858.083] (II) This device may have been added with another device file.
[   858.084] (II) config/udev: Adding input device HDA NVidia HDMI/DP,pcm=8 (/dev/input/event23)
[   858.084] (II) No input driver specified, ignoring this device.
[   858.084] (II) This device may have been added with another device file.
[   858.084] (II) config/udev: Adding input device HDA NVidia HDMI/DP,pcm=9 (/dev/input/event24)
[   858.084] (II) No input driver specified, ignoring this device.
[   858.084] (II) This device may have been added with another device file.
[   858.084] (II) config/udev: Adding input device Razer Razer DeathAdder Essential (/dev/input/event5)
[   858.084] (**) Razer Razer DeathAdder Essential: Applying InputClass "libinput pointer catchall"
[   858.084] (II) Using input driver 'libinput' for 'Razer Razer DeathAdder Essential'
[   858.136] (II) systemd-logind: got fd for /dev/input/event5 13:69 fd 44 paused 0
[   858.136] (**) Razer Razer DeathAdder Essential: always reports core events
[   858.136] (**) Option "Device" "/dev/input/event5"
[   858.138] (II) event5  - Razer Razer DeathAdder Essential: is tagged by udev as: Mouse
[   858.139] (II) event5  - Razer Razer DeathAdder Essential: device is a pointer
[   858.139] (II) event5  - Razer Razer DeathAdder Essential: device removed
[   858.139] (II) libinput: Razer Razer DeathAdder Essential: Step value 0 was provided, libinput Fallback acceleration function is used.
[   858.139] (II) libinput: Razer Razer DeathAdder Essential: Step value 0 was provided, libinput Fallback acceleration function is used.
[   858.139] (II) libinput: Razer Razer DeathAdder Essential: Step value 0 was provided, libinput Fallback acceleration function is used.
[   858.139] (**) Option "config_info" "udev:/sys/devices/pci0000:00/0000:00:14.0/usb1/1-8/1-8:1.0/0003:1532:0098.0002/input/input6/event5"
[   858.139] (II) XINPUT: Adding extended input device "Razer Razer DeathAdder Essential" (type: MOUSE, id 9)
[   858.139] (**) Option "AccelerationScheme" "none"
[   858.139] (**) Razer Razer DeathAdder Essential: (accel) selected scheme none/0
[   858.139] (**) Razer Razer DeathAdder Essential: (accel) acceleration factor: 2.000
[   858.139] (**) Razer Razer DeathAdder Essential: (accel) acceleration threshold: 4
[   858.141] (II) event5  - Razer Razer DeathAdder Essential: is tagged by udev as: Mouse
[   858.141] (II) event5  - Razer Razer DeathAdder Essential: device is a pointer
[   858.142] (II) config/udev: Adding input device Razer Razer DeathAdder Essential (/dev/input/mouse0)
[   858.142] (II) No input driver specified, ignoring this device.
[   858.142] (II) This device may have been added with another device file.
[   858.143] (II) config/udev: Adding input device Razer Razer DeathAdder Essential Keyboard (/dev/input/event6)
[   858.143] (**) Razer Razer DeathAdder Essential Keyboard: Applying InputClass "libinput keyboard catchall"
[   858.143] (**) Razer Razer DeathAdder Essential Keyboard: Applying InputClass "system-keyboard"
[   858.143] (II) Using input driver 'libinput' for 'Razer Razer DeathAdder Essential Keyboard'
[   858.144] (II) systemd-logind: got fd for /dev/input/event6 13:70 fd 45 paused 0
[   858.144] (**) Razer Razer DeathAdder Essential Keyboard: always reports core events
[   858.144] (**) Option "Device" "/dev/input/event6"
[   858.145] (II) event6  - Razer Razer DeathAdder Essential Keyboard: is tagged by udev as: Keyboard
[   858.145] (II) event6  - Razer Razer DeathAdder Essential Keyboard: device is a keyboard
[   858.145] (II) event6  - Razer Razer DeathAdder Essential Keyboard: device removed
[   858.145] (II) libinput: Razer Razer DeathAdder Essential Keyboard: needs a virtual subdevice
[   858.145] (**) Option "config_info" "udev:/sys/devices/pci0000:00/0000:00:14.0/usb1/1-8/1-8:1.1/0003:1532:0098.0003/input/input7/event6"
[   858.145] (II) XINPUT: Adding extended input device "Razer Razer DeathAdder Essential Keyboard" (type: MOUSE, id 10)
[   858.145] (**) Option "AccelerationScheme" "none"
[   858.145] (**) Razer Razer DeathAdder Essential Keyboard: (accel) selected scheme none/0
[   858.146] (**) Razer Razer DeathAdder Essential Keyboard: (accel) acceleration factor: 2.000
[   858.146] (**) Razer Razer DeathAdder Essential Keyboard: (accel) acceleration threshold: 4
[   858.147] (II) event6  - Razer Razer DeathAdder Essential Keyboard: is tagged by udev as: Keyboard
[   858.147] (II) event6  - Razer Razer DeathAdder Essential Keyboard: device is a keyboard
[   858.148] (II) config/udev: Adding input device Razer Razer DeathAdder Essential (/dev/input/event7)
[   858.148] (II) No input driver specified, ignoring this device.
[   858.148] (II) This device may have been added with another device file.
[   858.148] (II) config/udev: Adding input device Razer Razer DeathAdder Essential (/dev/input/event8)
[   858.148] (**) Razer Razer DeathAdder Essential: Applying InputClass "libinput keyboard catchall"
[   858.148] (**) Razer Razer DeathAdder Essential: Applying InputClass "system-keyboard"
[   858.148] (II) Using input driver 'libinput' for 'Razer Razer DeathAdder Essential'
[   858.149] (II) systemd-logind: got fd for /dev/input/event8 13:72 fd 46 paused 0
[   858.149] (**) Razer Razer DeathAdder Essential: always reports core events
[   858.149] (**) Option "Device" "/dev/input/event8"
[   858.150] (II) event8  - Razer Razer DeathAdder Essential: is tagged by udev as: Keyboard
[   858.150] (II) event8  - Razer Razer DeathAdder Essential: device is a keyboard
[   858.150] (II) event8  - Razer Razer DeathAdder Essential: device removed
[   858.150] (**) Option "config_info" "udev:/sys/devices/pci0000:00/0000:00:14.0/usb1/1-8/1-8:1.2/0003:1532:0098.0004/input/input9/event8"
[   858.150] (II) XINPUT: Adding extended input device "Razer Razer DeathAdder Essential" (type: KEYBOARD, id 11)
[   858.150] (**) Option "xkb_model" "pc105+inet"
[   858.150] (**) Option "xkb_layout" "us"
[   858.150] (**) Option "xkb_options" "terminate:ctrl_alt_bksp"
[   858.151] (II) event8  - Razer Razer DeathAdder Essential: is tagged by udev as: Keyboard
[   858.151] (II) event8  - Razer Razer DeathAdder Essential: device is a keyboard
[   858.152] (II) config/udev: Adding input device Evision Kreo Hive RGB (/dev/input/event9)
[   858.152] (**) Evision Kreo Hive RGB: Applying InputClass "libinput keyboard catchall"
[   858.152] (**) Evision Kreo Hive RGB: Applying InputClass "system-keyboard"
[   858.152] (II) Using input driver 'libinput' for 'Evision Kreo Hive RGB'
[   858.153] (II) systemd-logind: got fd for /dev/input/event9 13:73 fd 47 paused 0
[   858.153] (**) Evision Kreo Hive RGB: always reports core events
[   858.153] (**) Option "Device" "/dev/input/event9"
[   858.154] (II) event9  - Evision Kreo Hive RGB: is tagged by udev as: Keyboard
[   858.154] (II) event9  - Evision Kreo Hive RGB: device is a keyboard
[   858.154] (II) event9  - Evision Kreo Hive RGB: device removed
[   858.154] (**) Option "config_info" "udev:/sys/devices/pci0000:00/0000:00:14.0/usb1/1-9/1-9:1.0/0003:320F:5055.0005/input/input10/event9"
[   858.154] (II) XINPUT: Adding extended input device "Evision Kreo Hive RGB" (type: KEYBOARD, id 12)
[   858.154] (**) Option "xkb_model" "pc105+inet"
[   858.154] (**) Option "xkb_layout" "us"
[   858.154] (**) Option "xkb_options" "terminate:ctrl_alt_bksp"
[   858.155] (II) event9  - Evision Kreo Hive RGB: is tagged by udev as: Keyboard
[   858.155] (II) event9  - Evision Kreo Hive RGB: device is a keyboard
[   858.156] (II) config/udev: Adding input device Evision Kreo Hive RGB Keyboard (/dev/input/event10)
[   858.156] (**) Evision Kreo Hive RGB Keyboard: Applying InputClass "libinput keyboard catchall"
[   858.156] (**) Evision Kreo Hive RGB Keyboard: Applying InputClass "system-keyboard"
[   858.156] (II) Using input driver 'libinput' for 'Evision Kreo Hive RGB Keyboard'
[   858.157] (II) systemd-logind: got fd for /dev/input/event10 13:74 fd 48 paused 0
[   858.157] (**) Evision Kreo Hive RGB Keyboard: always reports core events
[   858.157] (**) Option "Device" "/dev/input/event10"
[   858.157] (II) event10 - Evision Kreo Hive RGB Keyboard: is tagged by udev as: Keyboard
[   858.157] (II) event10 - Evision Kreo Hive RGB Keyboard: device is a keyboard
[   858.158] (II) event10 - Evision Kreo Hive RGB Keyboard: device removed
[   858.158] (II) libinput: Evision Kreo Hive RGB Keyboard: needs a virtual subdevice
[   858.158] (**) Option "config_info" "udev:/sys/devices/pci0000:00/0000:00:14.0/usb1/1-9/1-9:1.1/0003:320F:5055.0006/input/input11/event10"
[   858.158] (II) XINPUT: Adding extended input device "Evision Kreo Hive RGB Keyboard" (type: MOUSE, id 13)
[   858.158] (**) Option "AccelerationScheme" "none"
[   858.158] (**) Evision Kreo Hive RGB Keyboard: (accel) selected scheme none/0
[   858.158] (**) Evision Kreo Hive RGB Keyboard: (accel) acceleration factor: 2.000
[   858.158] (**) Evision Kreo Hive RGB Keyboard: (accel) acceleration threshold: 4
[   858.158] (II) event10 - Evision Kreo Hive RGB Keyboard: is tagged by udev as: Keyboard
[   858.158] (II) event10 - Evision Kreo Hive RGB Keyboard: device is a keyboard
[   858.159] (II) config/udev: Adding input device Evision Kreo Hive RGB (/dev/input/event11)
[   858.159] (II) No input driver specified, ignoring this device.
[   858.159] (II) This device may have been added with another device file.
[   858.159] (II) config/udev: Adding input device Evision Kreo Hive RGB Mouse (/dev/input/event12)
[   858.159] (**) Evision Kreo Hive RGB Mouse: Applying InputClass "libinput pointer catchall"
[   858.159] (II) Using input driver 'libinput' for 'Evision Kreo Hive RGB Mouse'
[   858.160] (II) systemd-logind: got fd for /dev/input/event12 13:76 fd 49 paused 0
[   858.160] (**) Evision Kreo Hive RGB Mouse: always reports core events
[   858.160] (**) Option "Device" "/dev/input/event12"
[   858.161] (II) event12 - Evision Kreo Hive RGB Mouse: is tagged by udev as: Mouse
[   858.161] (II) event12 - Evision Kreo Hive RGB Mouse: device is a pointer
[   858.161] (II) event12 - Evision Kreo Hive RGB Mouse: device removed
[   858.161] (II) libinput: Evision Kreo Hive RGB Mouse: Step value 0 was provided, libinput Fallback acceleration function is used.
[   858.161] (II) libinput: Evision Kreo Hive RGB Mouse: Step value 0 was provided, libinput Fallback acceleration function is used.
[   858.161] (II) libinput: Evision Kreo Hive RGB Mouse: Step value 0 was provided, libinput Fallback acceleration function is used.
[   858.161] (**) Option "config_info" "udev:/sys/devices/pci0000:00/0000:00:14.0/usb1/1-9/1-9:1.1/0003:320F:5055.0006/input/input13/event12"
[   858.161] (II) XINPUT: Adding extended input device "Evision Kreo Hive RGB Mouse" (type: MOUSE, id 14)
[   858.161] (**) Option "AccelerationScheme" "none"
[   858.161] (**) Evision Kreo Hive RGB Mouse: (accel) selected scheme none/0
[   858.161] (**) Evision Kreo Hive RGB Mouse: (accel) acceleration factor: 2.000
[   858.161] (**) Evision Kreo Hive RGB Mouse: (accel) acceleration threshold: 4
[   858.161] (II) event12 - Evision Kreo Hive RGB Mouse: is tagged by udev as: Mouse
[   858.161] (II) event12 - Evision Kreo Hive RGB Mouse: device is a pointer
[   858.162] (II) config/udev: Adding input device Evision Kreo Hive RGB Mouse (/dev/input/mouse1)
[   858.162] (II) No input driver specified, ignoring this device.
[   858.162] (II) This device may have been added with another device file.
[   858.162] (II) config/udev: Adding input device VEN_04F3:00 04F3:32B4 Mouse (/dev/input/event16)
[   858.162] (**) VEN_04F3:00 04F3:32B4 Mouse: Applying InputClass "libinput pointer catchall"
[   858.162] (II) Using input driver 'libinput' for 'VEN_04F3:00 04F3:32B4 Mouse'
[   858.176] (II) systemd-logind: got fd for /dev/input/event16 13:80 fd 50 paused 0
[   858.176] (**) VEN_04F3:00 04F3:32B4 Mouse: always reports core events
[   858.176] (**) Option "Device" "/dev/input/event16"
[   858.178] (II) event16 - VEN_04F3:00 04F3:32B4 Mouse: is tagged by udev as: Mouse
[   858.178] (II) event16 - VEN_04F3:00 04F3:32B4 Mouse: device is a pointer
[   858.178] (II) event16 - VEN_04F3:00 04F3:32B4 Mouse: device removed
[   858.178] (II) libinput: VEN_04F3:00 04F3:32B4 Mouse: Step value 0 was provided, libinput Fallback acceleration function is used.
[   858.178] (II) libinput: VEN_04F3:00 04F3:32B4 Mouse: Step value 0 was provided, libinput Fallback acceleration function is used.
[   858.178] (II) libinput: VEN_04F3:00 04F3:32B4 Mouse: Step value 0 was provided, libinput Fallback acceleration function is used.
[   858.178] (**) Option "config_info" "udev:/sys/devices/pci0000:00/0000:00:15.1/i2c_designware.1/i2c-1/i2c-VEN_04F3:00/0018:04F3:32B4.0007/input/input23/event16"
[   858.178] (II) XINPUT: Adding extended input device "VEN_04F3:00 04F3:32B4 Mouse" (type: MOUSE, id 15)
[   858.178] (**) Option "AccelerationScheme" "none"
[   858.178] (**) VEN_04F3:00 04F3:32B4 Mouse: (accel) selected scheme none/0
[   858.178] (**) VEN_04F3:00 04F3:32B4 Mouse: (accel) acceleration factor: 2.000
[   858.178] (**) VEN_04F3:00 04F3:32B4 Mouse: (accel) acceleration threshold: 4
[   858.180] (II) event16 - VEN_04F3:00 04F3:32B4 Mouse: is tagged by udev as: Mouse
[   858.180] (II) event16 - VEN_04F3:00 04F3:32B4 Mouse: device is a pointer
[   858.181] (II) config/udev: Adding input device VEN_04F3:00 04F3:32B4 Mouse (/dev/input/mouse2)
[   858.181] (II) No input driver specified, ignoring this device.
[   858.181] (II) This device may have been added with another device file.
[   858.181] (II) config/udev: Adding input device VEN_04F3:00 04F3:32B4 Touchpad (/dev/input/event17)
[   858.181] (**) VEN_04F3:00 04F3:32B4 Touchpad: Applying InputClass "libinput touchpad catchall"
[   858.181] (II) Using input driver 'libinput' for 'VEN_04F3:00 04F3:32B4 Touchpad'
[   858.182] (II) systemd-logind: got fd for /dev/input/event17 13:81 fd 51 paused 0
[   858.182] (**) VEN_04F3:00 04F3:32B4 Touchpad: always reports core events
[   858.182] (**) Option "Device" "/dev/input/event17"
[   858.183] (II) event17 - VEN_04F3:00 04F3:32B4 Touchpad: is tagged by udev as: Touchpad
[   858.184] (II) event17 - VEN_04F3:00 04F3:32B4 Touchpad: device is a touchpad
[   858.184] (II) event17 - VEN_04F3:00 04F3:32B4 Touchpad: device removed
[   858.184] (II) libinput: VEN_04F3:00 04F3:32B4 Touchpad: Step value 0 was provided, libinput Fallback acceleration function is used.
[   858.184] (II) libinput: VEN_04F3:00 04F3:32B4 Touchpad: Step value 0 was provided, libinput Fallback acceleration function is used.
[   858.184] (II) libinput: VEN_04F3:00 04F3:32B4 Touchpad: Step value 0 was provided, libinput Fallback acceleration function is used.
[   858.185] (**) Option "config_info" "udev:/sys/devices/pci0000:00/0000:00:15.1/i2c_designware.1/i2c-1/i2c-VEN_04F3:00/0018:04F3:32B4.0007/input/input24/event17"
[   858.185] (II) XINPUT: Adding extended input device "VEN_04F3:00 04F3:32B4 Touchpad" (type: TOUCHPAD, id 16)
[   858.186] (**) Option "AccelerationScheme" "none"
[   858.186] (**) VEN_04F3:00 04F3:32B4 Touchpad: (accel) selected scheme none/0
[   858.186] (**) VEN_04F3:00 04F3:32B4 Touchpad: (accel) acceleration factor: 2.000
[   858.186] (**) VEN_04F3:00 04F3:32B4 Touchpad: (accel) acceleration threshold: 4
[   858.186] (II) event17 - VEN_04F3:00 04F3:32B4 Touchpad: is tagged by udev as: Touchpad
[   858.187] (II) event17 - VEN_04F3:00 04F3:32B4 Touchpad: device is a touchpad
[   858.188] (II) config/udev: Adding input device VEN_04F3:00 04F3:32B4 Touchpad (/dev/input/mouse3)
[   858.188] (II) No input driver specified, ignoring this device.
[   858.188] (II) This device may have been added with another device file.
[   858.188] (II) config/udev: Adding input device sof-hda-dsp Headphone Mic (/dev/input/event25)
[   858.188] (II) No input driver specified, ignoring this device.
[   858.188] (II) This device may have been added with another device file.
[   858.188] (II) config/udev: Adding input device sof-hda-dsp HDMI/DP,pcm=3 (/dev/input/event26)
[   858.188] (II) No input driver specified, ignoring this device.
[   858.188] (II) This device may have been added with another device file.
[   858.188] (II) config/udev: Adding input device sof-hda-dsp HDMI/DP,pcm=4 (/dev/input/event27)
[   858.188] (II) No input driver specified, ignoring this device.
[   858.188] (II) This device may have been added with another device file.
[   858.189] (II) config/udev: Adding input device sof-hda-dsp HDMI/DP,pcm=5 (/dev/input/event28)
[   858.189] (II) No input driver specified, ignoring this device.
[   858.189] (II) This device may have been added with another device file.
[   858.189] (II) config/udev: Adding input device Intel HID events (/dev/input/event13)
[   858.189] (**) Intel HID events: Applying InputClass "libinput keyboard catchall"
[   858.189] (**) Intel HID events: Applying InputClass "system-keyboard"
[   858.189] (II) Using input driver 'libinput' for 'Intel HID events'
[   858.189] (II) systemd-logind: got fd for /dev/input/event13 13:77 fd 52 paused 0
[   858.189] (**) Intel HID events: always reports core events
[   858.189] (**) Option "Device" "/dev/input/event13"
[   858.190] (II) event13 - Intel HID events: is tagged by udev as: Keyboard
[   858.190] (II) event13 - Intel HID events: device is a keyboard
[   858.190] (II) event13 - Intel HID events: device removed
[   858.190] (**) Option "config_info" "udev:/sys/devices/platform/INTC1078:00/input/input14/event13"
[   858.190] (II) XINPUT: Adding extended input device "Intel HID events" (type: KEYBOARD, id 17)
[   858.190] (**) Option "xkb_model" "pc105+inet"
[   858.190] (**) Option "xkb_layout" "us"
[   858.190] (**) Option "xkb_options" "terminate:ctrl_alt_bksp"
[   858.190] (II) event13 - Intel HID events: is tagged by udev as: Keyboard
[   858.190] (II) event13 - Intel HID events: device is a keyboard
[   858.190] (II) config/udev: Adding input device Intel HID 5 button array (/dev/input/event14)
[   858.190] (**) Intel HID 5 button array: Applying InputClass "libinput keyboard catchall"
[   858.190] (**) Intel HID 5 button array: Applying InputClass "system-keyboard"
[   858.190] (II) Using input driver 'libinput' for 'Intel HID 5 button array'
[   858.191] (II) systemd-logind: got fd for /dev/input/event14 13:78 fd 53 paused 0
[   858.191] (**) Intel HID 5 button array: always reports core events
[   858.191] (**) Option "Device" "/dev/input/event14"
[   858.191] (II) event14 - Intel HID 5 button array: is tagged by udev as: Keyboard
[   858.191] (II) event14 - Intel HID 5 button array: device is a keyboard
[   858.191] (II) event14 - Intel HID 5 button array: device removed
[   858.191] (**) Option "config_info" "udev:/sys/devices/platform/INTC1078:00/input/input15/event14"
[   858.191] (II) XINPUT: Adding extended input device "Intel HID 5 button array" (type: KEYBOARD, id 18)
[   858.191] (**) Option "xkb_model" "pc105+inet"
[   858.191] (**) Option "xkb_layout" "us"
[   858.191] (**) Option "xkb_options" "terminate:ctrl_alt_bksp"
[   858.191] (II) event14 - Intel HID 5 button array: is tagged by udev as: Keyboard
[   858.191] (II) event14 - Intel HID 5 button array: device is a keyboard
[   858.192] (II) config/udev: Adding input device Dell Privacy Driver (/dev/input/event18)
[   858.192] (**) Dell Privacy Driver: Applying InputClass "libinput keyboard catchall"
[   858.192] (**) Dell Privacy Driver: Applying InputClass "system-keyboard"
[   858.192] (II) Using input driver 'libinput' for 'Dell Privacy Driver'
[   858.192] (II) systemd-logind: got fd for /dev/input/event18 13:82 fd 54 paused 0
[   858.192] (**) Dell Privacy Driver: always reports core events
[   858.192] (**) Option "Device" "/dev/input/event18"
[   858.193] (II) event18 - Dell Privacy Driver: is tagged by udev as: Keyboard
[   858.193] (II) event18 - Dell Privacy Driver: device is a keyboard
[   858.193] (II) event18 - Dell Privacy Driver: device removed
[   858.193] (**) Option "config_info" "udev:/sys/devices/platform/PNP0C14:03/wmi_bus/wmi_bus-PNP0C14:03/6932965F-1671-4CEB-B988-D3AB0A901919-7/input/input21/event18"
[   858.193] (II) XINPUT: Adding extended input device "Dell Privacy Driver" (type: KEYBOARD, id 19)
[   858.193] (**) Option "xkb_model" "pc105+inet"
[   858.193] (**) Option "xkb_layout" "us"
[   858.193] (**) Option "xkb_options" "terminate:ctrl_alt_bksp"
[   858.193] (II) event18 - Dell Privacy Driver: is tagged by udev as: Keyboard
[   858.193] (II) event18 - Dell Privacy Driver: device is a keyboard
[   858.193] (II) config/udev: Adding input device Dell WMI hotkeys (/dev/input/event19)
[   858.193] (**) Dell WMI hotkeys: Applying InputClass "libinput keyboard catchall"
[   858.193] (**) Dell WMI hotkeys: Applying InputClass "system-keyboard"
[   858.193] (II) Using input driver 'libinput' for 'Dell WMI hotkeys'
[   858.194] (II) systemd-logind: got fd for /dev/input/event19 13:83 fd 55 paused 0
[   858.194] (**) Dell WMI hotkeys: always reports core events
[   858.194] (**) Option "Device" "/dev/input/event19"
[   858.194] (II) event19 - Dell WMI hotkeys: is tagged by udev as: Keyboard
[   858.194] (II) event19 - Dell WMI hotkeys: device is a keyboard
[   858.194] (II) event19 - Dell WMI hotkeys: device removed
[   858.194] (**) Option "config_info" "udev:/sys/devices/platform/PNP0C14:03/wmi_bus/wmi_bus-PNP0C14:03/9DBB5994-A997-11DA-B012-B622A1EF5492-9/input/input22/event19"
[   858.194] (II) XINPUT: Adding extended input device "Dell WMI hotkeys" (type: KEYBOARD, id 20)
[   858.194] (**) Option "xkb_model" "pc105+inet"
[   858.194] (**) Option "xkb_layout" "us"
[   858.194] (**) Option "xkb_options" "terminate:ctrl_alt_bksp"
[   858.195] (II) event19 - Dell WMI hotkeys: is tagged by udev as: Keyboard
[   858.195] (II) event19 - Dell WMI hotkeys: device is a keyboard
[   858.195] (II) config/udev: Adding input device AT Translated Set 2 keyboard (/dev/input/event2)
[   858.195] (**) AT Translated Set 2 keyboard: Applying InputClass "libinput keyboard catchall"
[   858.195] (**) AT Translated Set 2 keyboard: Applying InputClass "system-keyboard"
[   858.195] (II) Using input driver 'libinput' for 'AT Translated Set 2 keyboard'
[   858.196] (II) systemd-logind: got fd for /dev/input/event2 13:66 fd 56 paused 0
[   858.196] (**) AT Translated Set 2 keyboard: always reports core events
[   858.196] (**) Option "Device" "/dev/input/event2"
[   858.196] (II) event2  - AT Translated Set 2 keyboard: is tagged by udev as: Keyboard
[   858.196] (II) event2  - AT Translated Set 2 keyboard: device is a keyboard
[   858.196] (II) event2  - AT Translated Set 2 keyboard: device removed
[   858.196] (**) Option "config_info" "udev:/sys/devices/platform/i8042/serio0/input/input2/event2"
[   858.196] (II) XINPUT: Adding extended input device "AT Translated Set 2 keyboard" (type: KEYBOARD, id 21)
[   858.196] (**) Option "xkb_model" "pc105+inet"
[   858.196] (**) Option "xkb_layout" "us"
[   858.196] (**) Option "xkb_options" "terminate:ctrl_alt_bksp"
[   858.197] (II) event2  - AT Translated Set 2 keyboard: is tagged by udev as: Keyboard
[   858.197] (II) event2  - AT Translated Set 2 keyboard: device is a keyboard
[   858.197] (II) config/udev: Adding input device PS/2 Generic Mouse (/dev/input/event20)
[   858.197] (**) PS/2 Generic Mouse: Applying InputClass "libinput pointer catchall"
[   858.197] (II) Using input driver 'libinput' for 'PS/2 Generic Mouse'
[   858.198] (II) systemd-logind: got fd for /dev/input/event20 13:84 fd 57 paused 0
[   858.198] (**) PS/2 Generic Mouse: always reports core events
[   858.198] (**) Option "Device" "/dev/input/event20"
[   858.198] (II) event20 - PS/2 Generic Mouse: is tagged by udev as: Mouse
[   858.198] (II) event20 - PS/2 Generic Mouse: device is a pointer
[   858.198] (II) event20 - PS/2 Generic Mouse: device removed
[   858.198] (II) libinput: PS/2 Generic Mouse: Step value 0 was provided, libinput Fallback acceleration function is used.
[   858.198] (II) libinput: PS/2 Generic Mouse: Step value 0 was provided, libinput Fallback acceleration function is used.
[   858.198] (II) libinput: PS/2 Generic Mouse: Step value 0 was provided, libinput Fallback acceleration function is used.
[   858.198] (**) Option "config_info" "udev:/sys/devices/platform/i8042/serio1/input/input17/event20"
[   858.198] (II) XINPUT: Adding extended input device "PS/2 Generic Mouse" (type: MOUSE, id 22)
[   858.198] (**) Option "AccelerationScheme" "none"
[   858.198] (**) PS/2 Generic Mouse: (accel) selected scheme none/0
[   858.198] (**) PS/2 Generic Mouse: (accel) acceleration factor: 2.000
[   858.198] (**) PS/2 Generic Mouse: (accel) acceleration threshold: 4
[   858.199] (II) event20 - PS/2 Generic Mouse: is tagged by udev as: Mouse
[   858.199] (II) event20 - PS/2 Generic Mouse: device is a pointer
[   858.199] (II) config/udev: Adding input device PS/2 Generic Mouse (/dev/input/mouse4)
[   858.199] (II) No input driver specified, ignoring this device.
[   858.199] (II) This device may have been added with another device file.
[   858.199] (II) config/udev: Adding input device PC Speaker (/dev/input/event15)
[   858.199] (II) No input driver specified, ignoring this device.
[   858.199] (II) This device may have been added with another device file.
[   858.221] (**) Razer Razer DeathAdder Essential Keyboard: Applying InputClass "libinput keyboard catchall"
[   858.221] (**) Razer Razer DeathAdder Essential Keyboard: Applying InputClass "system-keyboard"
[   858.221] (II) Using input driver 'libinput' for 'Razer Razer DeathAdder Essential Keyboard'
[   858.221] (II) systemd-logind: returning pre-existing fd for /dev/input/event6 13:70
[   858.221] (**) Razer Razer DeathAdder Essential Keyboard: always reports core events
[   858.221] (**) Option "Device" "/dev/input/event6"
[   858.221] (II) libinput: Razer Razer DeathAdder Essential Keyboard: is a virtual subdevice
[   858.221] (**) Option "config_info" "udev:/sys/devices/pci0000:00/0000:00:14.0/usb1/1-8/1-8:1.1/0003:1532:0098.0003/input/input7/event6"
[   858.221] (II) XINPUT: Adding extended input device "Razer Razer DeathAdder Essential Keyboard" (type: KEYBOARD, id 23)
[   858.221] (**) Option "xkb_model" "pc105+inet"
[   858.221] (**) Option "xkb_layout" "us"
[   858.221] (**) Option "xkb_options" "terminate:ctrl_alt_bksp"
[   858.221] (**) Evision Kreo Hive RGB Keyboard: Applying InputClass "libinput keyboard catchall"
[   858.221] (**) Evision Kreo Hive RGB Keyboard: Applying InputClass "system-keyboard"
[   858.222] (II) Using input driver 'libinput' for 'Evision Kreo Hive RGB Keyboard'
[   858.222] (II) systemd-logind: returning pre-existing fd for /dev/input/event10 13:74
[   858.222] (**) Evision Kreo Hive RGB Keyboard: always reports core events
[   858.222] (**) Option "Device" "/dev/input/event10"
[   858.222] (II) libinput: Evision Kreo Hive RGB Keyboard: is a virtual subdevice
[   858.222] (**) Option "config_info" "udev:/sys/devices/pci0000:00/0000:00:14.0/usb1/1-9/1-9:1.1/0003:320F:5055.0006/input/input11/event10"
[   858.222] (II) XINPUT: Adding extended input device "Evision Kreo Hive RGB Keyboard" (type: KEYBOARD, id 24)
[   858.222] (**) Option "xkb_model" "pc105+inet"
[   858.222] (**) Option "xkb_layout" "us"
[   858.222] (**) Option "xkb_options" "terminate:ctrl_alt_bksp"
[   858.538] (**) Option "fd" "39"
[   858.538] (II) event4  - Video Bus: device removed
[   858.538] (**) Option "fd" "42"
[   858.538] (II) event3  - Video Bus: device removed
[   858.538] (**) Option "fd" "43"
[   858.538] (II) event1  - Power Button: device removed
[   858.538] (**) Option "fd" "44"
[   858.538] (II) event5  - Razer Razer DeathAdder Essential: device removed
[   858.538] (**) Option "fd" "45"
[   858.538] (**) Option "fd" "46"
[   858.538] (II) event8  - Razer Razer DeathAdder Essential: device removed
[   858.539] (**) Option "fd" "47"
[   858.539] (II) event9  - Evision Kreo Hive RGB: device removed
[   858.539] (**) Option "fd" "48"
[   858.539] (**) Option "fd" "49"
[   858.539] (II) event12 - Evision Kreo Hive RGB Mouse: device removed
[   858.539] (**) Option "fd" "50"
[   858.539] (II) event16 - VEN_04F3:00 04F3:32B4 Mouse: device removed
[   858.539] (**) Option "fd" "51"
[   858.539] (II) event17 - VEN_04F3:00 04F3:32B4 Touchpad: device removed
[   858.539] (**) Option "fd" "52"
[   858.539] (II) event13 - Intel HID events: device removed
[   858.539] (**) Option "fd" "53"
[   858.539] (II) event14 - Intel HID 5 button array: device removed
[   858.539] (**) Option "fd" "54"
[   858.539] (II) event18 - Dell Privacy Driver: device removed
[   858.539] (**) Option "fd" "55"
[   858.539] (II) event19 - Dell WMI hotkeys: device removed
[   858.539] (**) Option "fd" "56"
[   858.539] (II) event2  - AT Translated Set 2 keyboard: device removed
[   858.539] (**) Option "fd" "57"
[   858.539] (II) event20 - PS/2 Generic Mouse: device removed
[   858.539] (**) Option "fd" "45"
[   858.539] (II) event6  - Razer Razer DeathAdder Essential Keyboard: device removed
[   858.539] (**) Option "fd" "48"
[   858.539] (II) event10 - Evision Kreo Hive RGB Keyboard: device removed
[   858.544] (II) UnloadModule: "libinput"
[   858.544] (II) systemd-logind: not releasing fd for 13:74, still in use
[   858.544] (II) UnloadModule: "libinput"
[   858.544] (II) systemd-logind: not releasing fd for 13:70, still in use
[   858.544] (II) UnloadModule: "libinput"
[   858.544] (II) systemd-logind: releasing fd for 13:84
[   858.545] (II) UnloadModule: "libinput"
[   858.545] (II) systemd-logind: releasing fd for 13:66
[   858.545] (II) UnloadModule: "libinput"
[   858.545] (II) systemd-logind: releasing fd for 13:83
[   858.546] (II) UnloadModule: "libinput"
[   858.546] (II) systemd-logind: releasing fd for 13:82
[   858.546] (II) UnloadModule: "libinput"
[   858.546] (II) systemd-logind: releasing fd for 13:78
[   858.547] (II) UnloadModule: "libinput"
[   858.547] (II) systemd-logind: releasing fd for 13:77
[   858.547] (II) UnloadModule: "libinput"
[   858.547] (II) systemd-logind: releasing fd for 13:81
[   858.548] (II) UnloadModule: "libinput"
[   858.548] (II) systemd-logind: releasing fd for 13:80
[   858.548] (II) UnloadModule: "libinput"
[   858.548] (II) systemd-logind: releasing fd for 13:76
[   858.548] (II) UnloadModule: "libinput"
[   858.548] (II) systemd-logind: releasing fd for 13:74
[   858.549] (II) UnloadModule: "libinput"
[   858.549] (II) systemd-logind: releasing fd for 13:73
[   858.549] (II) UnloadModule: "libinput"
[   858.549] (II) systemd-logind: releasing fd for 13:72
[   858.549] (II) UnloadModule: "libinput"
[   858.549] (II) systemd-logind: releasing fd for 13:70
[   858.550] (II) UnloadModule: "libinput"
[   858.550] (II) systemd-logind: releasing fd for 13:69
[   858.550] (II) UnloadModule: "libinput"
[   858.550] (II) systemd-logind: releasing fd for 13:65
[   858.550] (II) UnloadModule: "libinput"
[   858.550] (II) systemd-logind: releasing fd for 13:67
[   858.552] (II) UnloadModule: "libinput"
[   858.552] (II) systemd-logind: releasing fd for 13:68
[   858.575] (II) NVIDIA(GPU-0): Deleting GPU-0
[   858.601] (II) Server terminated successfully (0). Closing log file.
