2026-03-01 16:58:21 Loaded main app package /usr/lib/obsidian/obsidian.asar
2026-03-01 16:58:21 Checking for update using Github
2026-03-01 16:58:22 Success.
2026-03-01 16:58:22 Latest version is 1.12.4
2026-03-01 16:58:22 App is up to date.
2026-03-01 17:03:25 Loaded main app package /usr/lib/obsidian/obsidian.asar
2026-03-01 17:03:25 Checking for update using Github
2026-03-01 17:03:25 Success.
2026-03-01 17:03:25 Latest version is 1.12.4
2026-03-01 17:03:25 App is up to date.
2026-03-01 17:06:37 Loaded main app package /usr/lib/obsidian/obsidian.asar
2026-03-01 17:06:37 Checking for update using Github
2026-03-01 17:06:37 Success.
2026-03-01 17:06:37 Latest version is 1.12.4
2026-03-01 17:06:37 App is up to date.
2026-03-01 17:16:33 Loaded main app package /usr/lib/obsidian/obsidian.asar
2026-03-01 17:16:33 Checking for update using Github
2026-03-01 17:16:33 Success.
2026-03-01 17:16:33 Latest version is 1.12.4
2026-03-01 17:16:33 App is up to date.
2026-03-01 17:21:12 Loaded main app package /usr/lib/obsidian/obsidian.asar
2026-03-01 17:21:12 Checking for update using Github
2026-03-01 17:21:13 Success.
2026-03-01 17:21:13 Latest version is 1.12.4
2026-03-01 17:21:13 App is up to date.
2026-03-01 17:24:01 Loaded main app package /usr/lib/obsidian/obsidian.asar
2026-03-01 17:24:02 Checking for update using Github
2026-03-01 17:24:02 Success.
2026-03-01 17:24:02 Latest version is 1.12.4
2026-03-01 17:24:02 App is up to date.
2026-03-01 17:29:00 Loaded main app package /usr/lib/obsidian/obsidian.asar
2026-03-01 18:29:45 Checking for update using Github
2026-03-01 18:29:45 Success.
2026-03-01 18:29:45 Latest version is 1.12.4
2026-03-01 18:29:45 App is up to date.
2026-03-04 14:39:41 Loaded main app package /usr/lib/obsidian/obsidian.asar
2026-03-04 14:39:41 Checking for update using Github
2026-03-04 14:39:42 Success.
2026-03-04 14:39:42 Latest version is 1.12.4
2026-03-04 14:39:42 App is up to date.
2026-03-04 18:21:58 Loaded main app package /usr/lib/obsidian/obsidian.asar
2026-03-04 18:21:58 Checking for update using Github
2026-03-04 18:21:58 Success.
2026-03-04 18:21:58 Latest version is 1.12.4
2026-03-04 18:21:58 App is up to date.
2026-03-04 19:21:58 Checking for update using Github
2026-03-04 19:21:58 Success.
2026-03-04 19:21:58 Latest version is 1.12.4
2026-03-04 19:21:58 App is up to date.
2026-03-04 20:21:58 Checking for update using Github
2026-03-04 20:21:58 Success.
2026-03-04 20:21:58 Latest version is 1.12.4
2026-03-04 20:21:58 App is up to date.
2026-03-08 15:59:38 Loaded main app package /usr/lib/obsidian/obsidian.asar
2026-03-08 15:59:38 Checking for update using Github
2026-03-08 15:59:38 Success.
2026-03-08 15:59:38 Latest version is 1.12.4
2026-03-08 15:59:38 App is up to date.
