2026-03-08 18:30:17.962 [info] [main] Log level: Info
2026-03-08 18:30:17.962 [info] [main] Validating found git in: "git"
2026-03-08 18:30:17.962 [info] [main] Using git "2.53.0" from "git"
2026-03-08 18:30:17.962 [info] [Model][doInitialScan] Initial repository scan started
2026-03-08 18:30:17.962 [info] > git rev-parse --show-toplevel [1ms]
2026-03-08 18:30:17.963 [info] > git rev-parse --git-dir --git-common-dir --show-superproject-working-tree [2ms]
2026-03-08 18:30:17.973 [info] [Model][openRepository] Opened repository (path): /home/shijoe/Documents/github-repos/omarchy
2026-03-08 18:30:17.973 [info] [Model][openRepository] Opened repository (real path): /home/shijoe/Documents/github-repos/omarchy
2026-03-08 18:30:17.973 [info] [Model][openRepository] Opened repository (kind): repository
2026-03-08 18:30:17.980 [info] > git config --get commit.template [3ms]
2026-03-08 18:30:17.980 [info] > git rev-parse --show-toplevel [1ms]
2026-03-08 18:30:17.985 [info] > git for-each-ref --format=%(refname)%00%(upstream:short)%00%(objectname)%00%(upstream:track)%00%(upstream:remotename)%00%(upstream:remoteref) refs/heads/dev refs/remotes/dev [3ms]
2026-03-08 18:30:17.985 [info] > git rev-parse --show-toplevel [0ms]
2026-03-08 18:30:17.988 [warning] [Git][revParse] Unable to read file: ENOENT: no such file or directory, open '/home/shijoe/Documents/github-repos/omarchy/.git/refs/remotes/origin/dev'
2026-03-08 18:30:17.990 [info] > git rev-parse refs/remotes/origin/dev [2ms]
2026-03-08 18:30:17.995 [info] > git rev-parse --show-toplevel [5ms]
2026-03-08 18:30:17.998 [info] > git for-each-ref --sort -committerdate --format %(refname)%00%(objectname)%00%(*objectname) [4ms]
2026-03-08 18:30:17.998 [info] > git rev-parse --show-toplevel [1ms]
2026-03-08 18:30:18.001 [info] > git rev-parse --show-toplevel [1ms]
2026-03-08 18:30:18.003 [info] > git rev-parse --show-toplevel [0ms]
2026-03-08 18:30:18.006 [info] > git rev-parse --show-toplevel [1ms]
2026-03-08 18:30:18.008 [info] > git rev-parse --show-toplevel [1ms]
2026-03-08 18:30:18.010 [info] [Model][doInitialScan] Initial repository scan completed - repositories (1), closed repositories (0), parent repositories (0), unsafe repositories (0)
2026-03-08 18:30:18.093 [info] > git status -z -uall [101ms]
2026-03-08 18:30:18.106 [info] > git for-each-ref --format=%(refname)%00%(upstream:short)%00%(objectname)%00%(upstream:track)%00%(upstream:remotename)%00%(upstream:remoteref) refs/heads/dev refs/remotes/dev [3ms]
2026-03-08 18:30:18.109 [info] > git config --get commit.template [3ms]
2026-03-08 18:30:18.109 [info] > git config --get --local branch.dev.vscode-merge-base [1ms]
2026-03-08 18:30:18.109 [warning] [Git][config] git config failed: Failed to execute git
2026-03-08 18:30:18.113 [info] > git reflog dev --grep-reflog=branch: Created from *. [2ms]
2026-03-08 18:30:18.115 [info] > git for-each-ref --format=%(refname)%00%(upstream:short)%00%(objectname)%00%(upstream:track)%00%(upstream:remotename)%00%(upstream:remoteref) refs/heads/dev refs/remotes/dev [2ms]
2026-03-08 18:30:18.117 [warning] [Git][revParse] Unable to read file: ENOENT: no such file or directory, open '/home/shijoe/Documents/github-repos/omarchy/.git/refs/remotes/origin/dev'
2026-03-08 18:30:18.117 [info] > git symbolic-ref --short refs/remotes/origin/HEAD [2ms]
2026-03-08 18:30:18.119 [info] > git rev-parse refs/remotes/origin/dev [2ms]
2026-03-08 18:30:18.122 [info] > git for-each-ref --format=%(refname)%00%(upstream:short)%00%(objectname)%00%(upstream:track)%00%(upstream:remotename)%00%(upstream:remoteref) refs/heads/origin/dev refs/remotes/origin/dev [4ms]
2026-03-08 18:30:18.124 [info] > git for-each-ref --sort -committerdate --format %(refname)%00%(objectname)%00%(*objectname) [2ms]
2026-03-08 18:30:18.125 [info] > git config --add --local branch.dev.vscode-merge-base origin/dev [1ms]
2026-03-08 18:30:18.128 [info] > git status -z -uall [8ms] (cancelled)
2026-03-08 18:30:18.130 [info] > git config --get commit.template [2ms]
2026-03-08 18:30:18.131 [info] > git for-each-ref --format=%(refname)%00%(upstream:short)%00%(objectname)%00%(upstream:track)%00%(upstream:remotename)%00%(upstream:remoteref) refs/heads/dev refs/remotes/dev [1ms]
2026-03-08 18:30:18.132 [warning] [Git][revParse] Unable to read file: ENOENT: no such file or directory, open '/home/shijoe/Documents/github-repos/omarchy/.git/refs/remotes/origin/dev'
2026-03-08 18:30:18.133 [info] > git rev-parse refs/remotes/origin/dev [1ms]
2026-03-08 18:30:18.139 [info] > git for-each-ref --sort -committerdate --format %(refname)%00%(objectname)%00%(*objectname) [3ms]
2026-03-08 18:30:18.225 [info] > git status -z -uall [90ms]
2026-03-08 18:30:18.232 [info] > git merge-base refs/heads/dev refs/remotes/origin/dev [3ms]
2026-03-08 18:30:18.235 [info] > git merge-base refs/heads/dev refs/remotes/origin/dev [3ms]
2026-03-08 18:30:18.237 [info] > git diff --raw --numstat --diff-filter=ADMR -z --find-renames=50% 462575c880e127f00d3a5bbb79100f429efcf641...refs/remotes/origin/dev -- [3ms]
2026-03-08 18:30:18.238 [info] > git diff --raw --numstat --diff-filter=ADMR -z --find-renames=50% 462575c880e127f00d3a5bbb79100f429efcf641...refs/remotes/origin/dev -- [1ms]
2026-03-08 18:30:18.503 [info] > git check-ignore -v -z --stdin [2ms]
2026-03-08 18:31:41.043 [info] > git check-ignore -v -z --stdin [2ms]
2026-03-08 18:34:09.755 [info] > git check-ignore -v -z --stdin [2ms]
2026-03-08 18:34:23.647 [info] > git check-ignore -v -z --stdin [1ms]
2026-03-08 18:34:23.655 [info] > git show --textconv :bin/omarchy-cmd-screenrecord [3ms]
2026-03-08 18:34:23.655 [info] > git ls-files --stage -- bin/omarchy-cmd-screenrecord [0ms]
2026-03-08 18:34:23.658 [info] > git cat-file -s 3ee3d8777299f36893e396d92d464b1af4ae95de [1ms]
2026-03-08 18:37:35.292 [info] > git blame --root --incremental 462575c880e127f00d3a5bbb79100f429efcf641 -- bin/omarchy-cmd-screenrecord [29ms]
2026-03-08 18:37:50.326 [info] > git check-ignore -v -z --stdin [2ms]
2026-03-08 18:37:53.809 [info] > git check-ignore -v -z --stdin [2ms]
2026-03-08 18:37:53.823 [info] > git show --textconv :config/uwsm/default [6ms]
2026-03-08 18:37:53.824 [info] > git ls-files --stage -- config/uwsm/default [2ms]
2026-03-08 18:37:53.831 [info] > git cat-file -s 946fbe5f59a469c612235103fad372f8981c4891 [3ms]
2026-03-08 18:37:53.853 [info] > git blame --root --incremental 462575c880e127f00d3a5bbb79100f429efcf641 -- config/uwsm/default [10ms]
2026-03-08 18:37:54.095 [info] > git check-ignore -v -z --stdin [2ms]
2026-03-08 18:42:53.181 [info] > git check-ignore -v -z --stdin [3ms]
2026-03-08 18:42:56.982 [info] > git check-ignore -v -z --stdin [3ms]
2026-03-08 18:45:59.939 [info] > git check-ignore -v -z --stdin [3ms]
2026-03-08 18:46:01.424 [info] > git check-ignore -v -z --stdin [2ms]
2026-03-08 18:46:05.149 [info] > git check-ignore -v -z --stdin [2ms]
2026-03-08 18:46:05.165 [info] > git show --textconv :bin/omarchy-cmd-screenrecord [7ms]
2026-03-08 18:46:05.166 [info] > git ls-files --stage -- bin/omarchy-cmd-screenrecord [2ms]
2026-03-08 18:46:05.173 [info] > git cat-file -s 3ee3d8777299f36893e396d92d464b1af4ae95de [2ms]
